[0.258s] Invoking command in '/home/eduardo/turtlebot4_ws/build/turtlebot4_msgs': CMAKE_PREFIX_PATH=/opt/ros/humble /usr/bin/cmake --build /home/eduardo/turtlebot4_ws/build/turtlebot4_msgs -- -j12 -l12
[0.303s] [  2%] Built target turtlebot4_msgs__cpp
[0.303s] [ 12%] Built target turtlebot4_msgs__rosidl_generator_c
[0.314s] [ 12%] Built target ament_cmake_python_symlink_turtlebot4_msgs
[0.327s] [ 23%] Built target turtlebot4_msgs__rosidl_typesupport_introspection_c
[0.330s] [ 34%] Built target turtlebot4_msgs__rosidl_typesupport_c
[0.333s] [ 44%] Built target turtlebot4_msgs__rosidl_typesupport_cpp
[0.334s] [ 65%] Built target turtlebot4_msgs__rosidl_typesupport_fastrtps_cpp
[0.334s] [ 65%] Built target turtlebot4_msgs__rosidl_typesupport_fastrtps_c
[0.335s] [ 76%] Built target turtlebot4_msgs__rosidl_typesupport_introspection_cpp
[0.353s] [ 76%] Built target turtlebot4_msgs
[0.372s] [ 78%] Built target turtlebot4_msgs__py
[0.392s] [ 87%] Built target turtlebot4_msgs__rosidl_generator_py
[0.412s] [ 95%] Built target turtlebot4_msgs__rosidl_typesupport_fastrtps_c__pyext
[0.412s] [ 95%] Built target turtlebot4_msgs__rosidl_typesupport_introspection_c__pyext
[0.412s] [100%] Built target turtlebot4_msgs__rosidl_typesupport_c__pyext
[0.600s] Traceback (most recent call last):
[0.600s]   File "/home/eduardo/turtlebot4_ws/build/turtlebot4_msgs/ament_cmake_python/turtlebot4_msgs/setup.py", line 4, in <module>
[0.600s]     setup(
[0.600s]   File "/home/eduardo/.local/lib/python3.10/site-packages/setuptools/__init__.py", line 153, in setup
[0.600s]     return distutils.core.setup(**attrs)
[0.600s]   File "/usr/lib/python3.10/distutils/core.py", line 108, in setup
[0.600s]     _setup_distribution = dist = klass(attrs)
[0.600s]   File "/home/eduardo/.local/lib/python3.10/site-packages/setuptools/dist.py", line 453, in __init__
[0.601s]     _Distribution.__init__(
[0.601s]   File "/usr/lib/python3.10/distutils/dist.py", line 292, in __init__
[0.601s]     self.finalize_options()
[0.601s]   File "/home/eduardo/.local/lib/python3.10/site-packages/setuptools/dist.py", line 830, in finalize_options
[0.601s]     for ep in sorted(loaded, key=by_order):
[0.601s]   File "/home/eduardo/.local/lib/python3.10/site-packages/setuptools/dist.py", line 829, in <lambda>
[0.601s]     loaded = map(lambda e: e.load(), filtered)
[0.601s]   File "/home/eduardo/.local/lib/python3.10/site-packages/pkg_resources/__init__.py", line 2449, in load
[0.601s]     self.require(*args, **kwargs)
[0.601s]   File "/home/eduardo/.local/lib/python3.10/site-packages/pkg_resources/__init__.py", line 2472, in require
[0.601s]     items = working_set.resolve(reqs, env, installer, extras=self.extras)
[0.601s]   File "/home/eduardo/.local/lib/python3.10/site-packages/pkg_resources/__init__.py", line 777, in resolve
[0.601s]     raise VersionConflict(dist, req).with_context(dependent_req)
[0.601s] pkg_resources.VersionConflict: (setuptools 58.2.0 (/home/eduardo/.local/lib/python3.10/site-packages), Requirement.parse('setuptools>=62.4'))
[0.619s] gmake[2]: *** [CMakeFiles/ament_cmake_python_build_turtlebot4_msgs_egg.dir/build.make:70: CMakeFiles/ament_cmake_python_build_turtlebot4_msgs_egg] Error 1
[0.619s] gmake[1]: *** [CMakeFiles/Makefile2:447: CMakeFiles/ament_cmake_python_build_turtlebot4_msgs_egg.dir/all] Error 2
[0.620s] gmake: *** [Makefile:146: all] Error 2
